<?xml version="1.0" encoding="UTF-8"?>
<!-- Generated by org.testng.reporters.JUnitReportReporter -->
<testsuite hostname="vyns-MacBook-Air.local" failures="0" tests="4" name="com.qa.tests.DemoTest" time="0.018" errors="0" timestamp="2023-04-05T14:36:43 BST" skipped="0">
  <testcase classname="com.qa.tests.DemoTest" name="div" time="0.012"/>
  <system-out/>
  <testcase classname="com.qa.tests.DemoTest" name="sum" time="0.002"/>
  <system-out/>
  <testcase classname="com.qa.tests.DemoTest" name="mul" time="0.003"/>
  <system-out/>
  <testcase classname="com.qa.tests.DemoTest" name="sub" time="0.001"/>
  <system-out/>
</testsuite> <!-- com.qa.tests.DemoTest -->
