<?xml version="1.0" encoding="UTF-8"?>
<!-- Generated by org.testng.reporters.JUnitReportReporter -->
<testsuite hostname="vyns-MacBook-Air.local" failures="0" tests="1" name="PDFBrowserTest" time="1.281" errors="0" timestamp="2023-04-21T10:58:02 BST" skipped="0">
  <testcase classname="PDFBrowserTest" name="pdfReaderTest" time="1.281"/>
  <system-out/>
</testsuite> <!-- PDFBrowserTest -->
