<?xml version="1.0" encoding="UTF-8"?>
<!-- Generated by org.testng.reporters.JUnitReportReporter -->
<testsuite hostname="vyns-MacBook-Air.local" failures="0" tests="4" name="com.qa.tests.DemoTest1" time="0.001" errors="0" timestamp="2023-04-11T22:37:15 BST" skipped="0">
  <testcase classname="com.qa.tests.DemoTest1" name="sum" time="0.001"/>
  <system-out/>
  <testcase classname="com.qa.tests.DemoTest1" name="div" time="0.000"/>
  <system-out/>
  <testcase classname="com.qa.tests.DemoTest1" name="sub" time="0.000"/>
  <system-out/>
  <testcase classname="com.qa.tests.DemoTest1" name="mul" time="0.000"/>
  <system-out/>
</testsuite> <!-- com.qa.tests.DemoTest1 -->
